[30-Oct-2020 23:21:14 UTC] PHP Warning:  Use of undefined constant the_content - assumed 'the_content' (this will throw an Error in a future version of PHP) in C:\Users\jakob\Local Sites\egettheme\app\public\wp-content\themes\wp-own-theme\page.php on line 9
[30-Oct-2020 23:21:14 UTC] PHP Stack trace:
[30-Oct-2020 23:21:14 UTC] PHP   1. {main}() C:\Users\jakob\Local Sites\egettheme\app\public\index.php:0
[30-Oct-2020 23:21:14 UTC] PHP   2. require() C:\Users\jakob\Local Sites\egettheme\app\public\index.php:17
[30-Oct-2020 23:21:14 UTC] PHP   3. require_once() C:\Users\jakob\Local Sites\egettheme\app\public\wp-blog-header.php:19
[30-Oct-2020 23:21:14 UTC] PHP   4. include() C:\Users\jakob\Local Sites\egettheme\app\public\wp-includes\template-loader.php:106
[31-Oct-2020 01:01:13 UTC] PHP Parse error:  syntax error, unexpected '}' in C:\Users\jakob\Local Sites\egettheme\app\public\wp-content\themes\wp-own-theme\functions.php on line 25
[31-Oct-2020 20:10:11 UTC] PHP Parse error:  syntax error, unexpected '<' in C:\Users\jakob\Local Sites\egettheme\app\public\wp-content\themes\wp-own-theme\page.php on line 16
[31-Oct-2020 20:10:21 UTC] PHP Parse error:  syntax error, unexpected '<' in C:\Users\jakob\Local Sites\egettheme\app\public\wp-content\themes\wp-own-theme\page.php on line 16
[31-Oct-2020 20:10:46 UTC] PHP Parse error:  syntax error, unexpected '<' in C:\Users\jakob\Local Sites\egettheme\app\public\wp-content\themes\wp-own-theme\page.php on line 16
[31-Oct-2020 20:13:11 UTC] PHP Fatal error:  Uncaught ArgumentCountError: Too few arguments to function wp_get_post_parent_id(), 0 passed in C:\Users\jakob\Local Sites\egettheme\app\public\wp-content\themes\wp-own-theme\page.php on line 14 and exactly 1 expected in C:\Users\jakob\Local Sites\egettheme\app\public\wp-includes\post.php:7069
Stack trace:
#0 C:\Users\jakob\Local Sites\egettheme\app\public\wp-content\themes\wp-own-theme\page.php(14): wp_get_post_parent_id()
#1 C:\Users\jakob\Local Sites\egettheme\app\public\wp-includes\template-loader.php(106): include('C:\\Users\\jakob\\...')
#2 C:\Users\jakob\Local Sites\egettheme\app\public\wp-blog-header.php(19): require_once('C:\\Users\\jakob\\...')
#3 C:\Users\jakob\Local Sites\egettheme\app\public\index.php(17): require('C:\\Users\\jakob\\...')
#4 {main}
  thrown in C:\Users\jakob\Local Sites\egettheme\app\public\wp-includes\post.php on line 7069
[31-Oct-2020 21:55:39 UTC] PHP Parse error:  syntax error, unexpected ';', expecting ')' in C:\Users\jakob\Local Sites\egettheme\app\public\wp-content\themes\wp-own-theme\page.php on line 37
[01-Nov-2020 10:23:44 UTC] PHP Parse error:  syntax error, unexpected 'echo' (T_ECHO) in C:\Users\jakob\Local Sites\egettheme\app\public\wp-content\themes\wp-own-theme\header.php on line 16
[01-Nov-2020 10:24:53 UTC] PHP Parse error:  syntax error, unexpected 'class' (T_CLASS) in C:\Users\jakob\Local Sites\egettheme\app\public\wp-content\themes\wp-own-theme\header.php on line 16
[01-Nov-2020 10:26:49 UTC] PHP Parse error:  syntax error, unexpected ')' in C:\Users\jakob\Local Sites\egettheme\app\public\wp-content\themes\wp-own-theme\header.php on line 16
[01-Nov-2020 10:30:33 UTC] PHP Parse error:  syntax error, unexpected '}', expecting ',' or ';' in C:\Users\jakob\Local Sites\egettheme\app\public\wp-content\themes\wp-own-theme\header.php on line 25
[01-Nov-2020 10:32:13 UTC] PHP Parse error:  syntax error, unexpected '}', expecting ',' or ';' in C:\Users\jakob\Local Sites\egettheme\app\public\wp-content\themes\wp-own-theme\header.php on line 25
[01-Nov-2020 10:33:06 UTC] PHP Parse error:  syntax error, unexpected '}', expecting ',' or ';' in C:\Users\jakob\Local Sites\egettheme\app\public\wp-content\themes\wp-own-theme\header.php on line 24
[01-Nov-2020 10:33:25 UTC] PHP Parse error:  syntax error, unexpected '}', expecting ',' or ';' in C:\Users\jakob\Local Sites\egettheme\app\public\wp-content\themes\wp-own-theme\header.php on line 24
[01-Nov-2020 10:42:45 UTC] PHP Parse error:  syntax error, unexpected 'echo' (T_ECHO) in C:\Users\jakob\Local Sites\egettheme\app\public\wp-content\themes\wp-own-theme\header.php on line 24
[01-Nov-2020 10:42:51 UTC] PHP Parse error:  syntax error, unexpected 'echo' (T_ECHO) in C:\Users\jakob\Local Sites\egettheme\app\public\wp-content\themes\wp-own-theme\header.php on line 24
[01-Nov-2020 10:42:56 UTC] PHP Parse error:  syntax error, unexpected 'echo' (T_ECHO) in C:\Users\jakob\Local Sites\egettheme\app\public\wp-content\themes\wp-own-theme\header.php on line 24
[01-Nov-2020 10:43:11 UTC] PHP Parse error:  syntax error, unexpected ';' in C:\Users\jakob\Local Sites\egettheme\app\public\wp-content\themes\wp-own-theme\header.php on line 24
[01-Nov-2020 10:45:36 UTC] PHP Parse error:  syntax error, unexpected 'echo' (T_ECHO) in C:\Users\jakob\Local Sites\egettheme\app\public\wp-content\themes\wp-own-theme\header.php on line 24
[01-Nov-2020 10:48:44 UTC] PHP Parse error:  syntax error, unexpected 'echo' (T_ECHO) in C:\Users\jakob\Local Sites\egettheme\app\public\wp-content\themes\wp-own-theme\header.php on line 25
[01-Nov-2020 11:29:11 UTC] PHP Parse error:  syntax error, unexpected 'get_footer' (T_STRING), expecting ',' or ';' in C:\Users\jakob\Local Sites\egettheme\app\public\wp-content\themes\wp-own-theme\index.php on line 7
[01-Nov-2020 11:29:17 UTC] PHP Warning:  Use of undefined constant sikdnas - assumed 'sikdnas' (this will throw an Error in a future version of PHP) in C:\Users\jakob\Local Sites\egettheme\app\public\wp-content\themes\wp-own-theme\index.php on line 5
[01-Nov-2020 11:29:17 UTC] PHP Stack trace:
[01-Nov-2020 11:29:17 UTC] PHP   1. {main}() C:\Users\jakob\Local Sites\egettheme\app\public\index.php:0
[01-Nov-2020 11:29:17 UTC] PHP   2. require() C:\Users\jakob\Local Sites\egettheme\app\public\index.php:17
[01-Nov-2020 11:29:17 UTC] PHP   3. require_once() C:\Users\jakob\Local Sites\egettheme\app\public\wp-blog-header.php:19
[01-Nov-2020 11:29:17 UTC] PHP   4. include() C:\Users\jakob\Local Sites\egettheme\app\public\wp-includes\template-loader.php:106
[01-Nov-2020 11:30:04 UTC] PHP Warning:  Use of undefined constant sikdnas - assumed 'sikdnas' (this will throw an Error in a future version of PHP) in C:\Users\jakob\Local Sites\egettheme\app\public\wp-content\themes\wp-own-theme\index.php on line 5
[01-Nov-2020 11:30:04 UTC] PHP Stack trace:
[01-Nov-2020 11:30:04 UTC] PHP   1. {main}() C:\Users\jakob\Local Sites\egettheme\app\public\index.php:0
[01-Nov-2020 11:30:04 UTC] PHP   2. require() C:\Users\jakob\Local Sites\egettheme\app\public\index.php:17
[01-Nov-2020 11:30:04 UTC] PHP   3. require_once() C:\Users\jakob\Local Sites\egettheme\app\public\wp-blog-header.php:19
[01-Nov-2020 11:30:04 UTC] PHP   4. include() C:\Users\jakob\Local Sites\egettheme\app\public\wp-includes\template-loader.php:106
[01-Nov-2020 16:58:31 UTC] PHP Fatal error:  Uncaught Error: Call to undefined function the_category_list() in C:\Users\jakob\Local Sites\egettheme\app\public\wp-content\themes\wp-own-theme\index.php:55
Stack trace:
#0 C:\Users\jakob\Local Sites\egettheme\app\public\wp-includes\template-loader.php(106): include()
#1 C:\Users\jakob\Local Sites\egettheme\app\public\wp-blog-header.php(19): require_once('C:\\Users\\jakob\\...')
#2 C:\Users\jakob\Local Sites\egettheme\app\public\index.php(17): require('C:\\Users\\jakob\\...')
#3 {main}
  thrown in C:\Users\jakob\Local Sites\egettheme\app\public\wp-content\themes\wp-own-theme\index.php on line 55
[01-Nov-2020 17:47:05 UTC] PHP Parse error:  syntax error, unexpected 'echo' (T_ECHO) in C:\Users\jakob\Local Sites\egettheme\app\public\wp-content\themes\wp-own-theme\single.php on line 23
[01-Nov-2020 22:04:54 UTC] PHP Parse error:  syntax error, unexpected '}', expecting ',' or ';' in C:\Users\jakob\Local Sites\egettheme\app\public\wp-content\themes\wp-own-theme\archive.php on line 13
[01-Nov-2020 22:05:06 UTC] PHP Parse error:  syntax error, unexpected '}', expecting ',' or ';' in C:\Users\jakob\Local Sites\egettheme\app\public\wp-content\themes\wp-own-theme\archive.php on line 13
[01-Nov-2020 22:05:19 UTC] PHP Parse error:  syntax error, unexpected '}', expecting ',' or ';' in C:\Users\jakob\Local Sites\egettheme\app\public\wp-content\themes\wp-own-theme\archive.php on line 16
[02-Nov-2020 21:10:14 UTC] PHP Parse error:  syntax error, unexpected 'while' (T_WHILE) in C:\Users\jakob\Local Sites\egettheme\app\public\wp-content\themes\wp-own-theme\front-page.php on line 25
[02-Nov-2020 21:10:35 UTC] PHP Parse error:  syntax error, unexpected 'while' (T_WHILE) in C:\Users\jakob\Local Sites\egettheme\app\public\wp-content\themes\wp-own-theme\front-page.php on line 25
[02-Nov-2020 21:11:05 UTC] PHP Parse error:  syntax error, unexpected 'echo' (T_ECHO) in C:\Users\jakob\Local Sites\egettheme\app\public\wp-content\themes\wp-own-theme\front-page.php on line 24
[02-Nov-2020 21:11:20 UTC] PHP Parse error:  syntax error, unexpected 'echo' (T_ECHO) in C:\Users\jakob\Local Sites\egettheme\app\public\wp-content\themes\wp-own-theme\front-page.php on line 24
[02-Nov-2020 21:11:37 UTC] PHP Parse error:  syntax error, unexpected 'echo' (T_ECHO) in C:\Users\jakob\Local Sites\egettheme\app\public\wp-content\themes\wp-own-theme\front-page.php on line 24
[02-Nov-2020 22:47:36 UTC] PHP Parse error:  syntax error, unexpected '}' in C:\Users\jakob\Local Sites\egettheme\app\public\wp-content\themes\wp-own-theme\functions.php on line 39
[02-Nov-2020 22:47:49 UTC] PHP Parse error:  syntax error, unexpected '}' in C:\Users\jakob\Local Sites\egettheme\app\public\wp-content\themes\wp-own-theme\functions.php on line 39
[02-Nov-2020 22:59:39 UTC] PHP Fatal error:  Cannot redeclare ownThemePostTypes() (previously declared in C:\Users\jakob\Local Sites\egettheme\app\public\wp-content\mu-plugins\ownThemePostTypes.php:3) in C:\Users\jakob\Local Sites\egettheme\app\public\wp-content\themes\wp-own-theme\functions.php on line 35
[02-Nov-2020 22:59:39 UTC] PHP Stack trace:
[02-Nov-2020 22:59:39 UTC] PHP   1. {main}() C:\Users\jakob\Local Sites\egettheme\app\public\wp-admin\admin-ajax.php:0
[02-Nov-2020 22:59:39 UTC] PHP   2. require_once() C:\Users\jakob\Local Sites\egettheme\app\public\wp-admin\admin-ajax.php:22
[02-Nov-2020 22:59:39 UTC] PHP   3. require_once() C:\Users\jakob\Local Sites\egettheme\app\public\wp-load.php:37
[02-Nov-2020 22:59:39 UTC] PHP   4. require_once() C:\Users\jakob\Local Sites\egettheme\app\public\wp-config.php:77
[03-Nov-2020 22:40:25 UTC] PHP Parse error:  syntax error, unexpected 'endif' (T_ENDIF) in C:\Users\Jakob\Local Sites\egetthemeforum\app\public\wp-content\themes\wp-own-theme\functions.php on line 14
[03-Nov-2020 22:44:32 UTC] PHP Parse error:  syntax error, unexpected 'if' (T_IF), expecting ',' or ';' in C:\Users\Jakob\Local Sites\egetthemeforum\app\public\wp-content\themes\wp-own-theme\functions.php on line 12
[03-Nov-2020 22:54:39 UTC] PHP Recoverable fatal error:  Object of class WP_Post could not be converted to string in C:\Users\Jakob\Local Sites\egetthemeforum\app\public\wp-content\themes\wp-own-theme\functions.php on line 17
[03-Nov-2020 22:54:39 UTC] PHP Stack trace:
[03-Nov-2020 22:54:39 UTC] PHP   1. {main}() C:\Users\Jakob\Local Sites\egetthemeforum\app\public\index.php:0
[03-Nov-2020 22:54:39 UTC] PHP   2. require() C:\Users\Jakob\Local Sites\egetthemeforum\app\public\index.php:17
[03-Nov-2020 22:54:39 UTC] PHP   3. require_once() C:\Users\Jakob\Local Sites\egetthemeforum\app\public\wp-blog-header.php:19
[03-Nov-2020 22:54:39 UTC] PHP   4. include() C:\Users\Jakob\Local Sites\egetthemeforum\app\public\wp-includes\template-loader.php:106
[03-Nov-2020 22:54:39 UTC] PHP   5. get_header() C:\Users\Jakob\Local Sites\egetthemeforum\app\public\wp-content\themes\wp-own-theme\page.php:3
[03-Nov-2020 22:54:39 UTC] PHP   6. locate_template() C:\Users\Jakob\Local Sites\egetthemeforum\app\public\wp-includes\general-template.php:48
[03-Nov-2020 22:54:39 UTC] PHP   7. load_template() C:\Users\Jakob\Local Sites\egetthemeforum\app\public\wp-includes\template.php:676
[03-Nov-2020 22:54:39 UTC] PHP   8. require_once() C:\Users\Jakob\Local Sites\egetthemeforum\app\public\wp-includes\template.php:730
[03-Nov-2020 22:54:39 UTC] PHP   9. wp_head() C:\Users\Jakob\Local Sites\egetthemeforum\app\public\wp-content\themes\wp-own-theme\header.php:7
[03-Nov-2020 22:54:39 UTC] PHP  10. do_action() C:\Users\Jakob\Local Sites\egetthemeforum\app\public\wp-includes\general-template.php:3009
[03-Nov-2020 22:54:39 UTC] PHP  11. WP_Hook->do_action() C:\Users\Jakob\Local Sites\egetthemeforum\app\public\wp-includes\plugin.php:478
[03-Nov-2020 22:54:39 UTC] PHP  12. WP_Hook->apply_filters() C:\Users\Jakob\Local Sites\egetthemeforum\app\public\wp-includes\class-wp-hook.php:311
[03-Nov-2020 22:54:39 UTC] PHP  13. wp_enqueue_scripts() C:\Users\Jakob\Local Sites\egetthemeforum\app\public\wp-includes\class-wp-hook.php:287
[03-Nov-2020 22:54:39 UTC] PHP  14. do_action() C:\Users\Jakob\Local Sites\egetthemeforum\app\public\wp-includes\script-loader.php:2001
[03-Nov-2020 22:54:39 UTC] PHP  15. WP_Hook->do_action() C:\Users\Jakob\Local Sites\egetthemeforum\app\public\wp-includes\plugin.php:478
[03-Nov-2020 22:54:39 UTC] PHP  16. WP_Hook->apply_filters() C:\Users\Jakob\Local Sites\egetthemeforum\app\public\wp-includes\class-wp-hook.php:311
[03-Nov-2020 22:54:39 UTC] PHP  17. eget_tema_files() C:\Users\Jakob\Local Sites\egetthemeforum\app\public\wp-includes\class-wp-hook.php:287
[04-Nov-2020 15:43:43 UTC] PHP Fatal error:  Uncaught Error: Call to undefined function get_user_details() in C:\Users\Jakob\Local Sites\egetthemeforum\app\public\wp-content\themes\wp-own-theme\header.php:63
Stack trace:
#0 C:\Users\Jakob\Local Sites\egetthemeforum\app\public\wp-includes\template.php(730): require_once()
#1 C:\Users\Jakob\Local Sites\egetthemeforum\app\public\wp-includes\template.php(676): load_template('C:\\Users\\Jakob\\...', true, Array)
#2 C:\Users\Jakob\Local Sites\egetthemeforum\app\public\wp-includes\general-template.php(48): locate_template(Array, true, true, Array)
#3 C:\Users\Jakob\Local Sites\egetthemeforum\app\public\wp-content\themes\wp-own-theme\page.php(3): get_header()
#4 C:\Users\Jakob\Local Sites\egetthemeforum\app\public\wp-includes\template-loader.php(106): include('C:\\Users\\Jakob\\...')
#5 C:\Users\Jakob\Local Sites\egetthemeforum\app\public\wp-blog-header.php(19): require_once('C:\\Users\\Jakob\\...')
#6 C:\Users\Jakob\Local Sites\egetthemeforum\app\public\index.php(17): require('C:\\Users\\Jakob\\...')
#7 {main} in C:\Users\Jakob\Local Sites\egetthemeforum\app\public\wp-content\themes\wp-own-theme\header.php on line 63
[04-Nov-2020 15:44:34 UTC] PHP Fatal error:  Uncaught ArgumentCountError: Too few arguments to function get_userdata(), 0 passed in C:\Users\Jakob\Local Sites\egetthemeforum\app\public\wp-content\themes\wp-own-theme\header.php on line 63 and exactly 1 expected in C:\Users\Jakob\Local Sites\egetthemeforum\app\public\wp-includes\pluggable.php:83
Stack trace:
#0 C:\Users\Jakob\Local Sites\egetthemeforum\app\public\wp-content\themes\wp-own-theme\header.php(63): get_userdata()
#1 C:\Users\Jakob\Local Sites\egetthemeforum\app\public\wp-includes\template.php(730): require_once('C:\\Users\\Jakob\\...')
#2 C:\Users\Jakob\Local Sites\egetthemeforum\app\public\wp-includes\template.php(676): load_template('C:\\Users\\Jakob\\...', true, Array)
#3 C:\Users\Jakob\Local Sites\egetthemeforum\app\public\wp-includes\general-template.php(48): locate_template(Array, true, true, Array)
#4 C:\Users\Jakob\Local Sites\egetthemeforum\app\public\wp-content\themes\wp-own-theme\page.php(3): get_header()
#5 C:\Users\Jakob\Local Sites\egetthemeforum\app\public\wp-includes\template-lo in C:\Users\Jakob\Local Sites\egetthemeforum\app\public\wp-includes\pluggable.php on line 83
[04-Nov-2020 15:58:25 UTC] PHP Parse error:  syntax error, unexpected ')' in C:\Users\Jakob\Local Sites\egetthemeforum\app\public\wp-content\themes\wp-own-theme\functions.php on line 91
[04-Nov-2020 15:58:38 UTC] PHP Warning:  Cannot modify header information - headers already sent by (output started at C:\Users\Jakob\Local Sites\egetthemeforum\app\public\wp-content\themes\wp-own-theme\functions.php:90) in C:\Users\Jakob\Local Sites\egetthemeforum\app\public\wp-admin\includes\misc.php on line 1310
[04-Nov-2020 15:58:38 UTC] PHP Stack trace:
[04-Nov-2020 15:58:38 UTC] PHP   1. {main}() C:\Users\Jakob\Local Sites\egetthemeforum\app\public\wp-admin\index.php:0
[04-Nov-2020 15:58:38 UTC] PHP   2. require_once() C:\Users\Jakob\Local Sites\egetthemeforum\app\public\wp-admin\index.php:10
[04-Nov-2020 15:58:38 UTC] PHP   3. do_action() C:\Users\Jakob\Local Sites\egetthemeforum\app\public\wp-admin\admin.php:175
[04-Nov-2020 15:58:38 UTC] PHP   4. WP_Hook->do_action() C:\Users\Jakob\Local Sites\egetthemeforum\app\public\wp-includes\plugin.php:478
[04-Nov-2020 15:58:38 UTC] PHP   5. WP_Hook->apply_filters() C:\Users\Jakob\Local Sites\egetthemeforum\app\public\wp-includes\class-wp-hook.php:311
[04-Nov-2020 15:58:38 UTC] PHP   6. wp_admin_headers() C:\Users\Jakob\Local Sites\egetthemeforum\app\public\wp-includes\class-wp-hook.php:287
[04-Nov-2020 15:58:38 UTC] PHP   7. header() C:\Users\Jakob\Local Sites\egetthemeforum\app\public\wp-admin\includes\misc.php:1310
[04-Nov-2020 15:58:38 UTC] PHP Warning:  Cannot modify header information - headers already sent by (output started at C:\Users\Jakob\Local Sites\egetthemeforum\app\public\wp-content\themes\wp-own-theme\functions.php:90) in C:\Users\Jakob\Local Sites\egetthemeforum\app\public\wp-admin\admin-header.php on line 9
[04-Nov-2020 15:58:38 UTC] PHP Stack trace:
[04-Nov-2020 15:58:38 UTC] PHP   1. {main}() C:\Users\Jakob\Local Sites\egetthemeforum\app\public\wp-admin\index.php:0
[04-Nov-2020 15:58:38 UTC] PHP   2. require_once() C:\Users\Jakob\Local Sites\egetthemeforum\app\public\wp-admin\index.php:111
[04-Nov-2020 15:58:38 UTC] PHP   3. header() C:\Users\Jakob\Local Sites\egetthemeforum\app\public\wp-admin\admin-header.php:9
[04-Nov-2020 15:58:38 UTC] PHP Warning:  Cannot modify header information - headers already sent by (output started at C:\Users\Jakob\Local Sites\egetthemeforum\app\public\wp-content\themes\wp-own-theme\functions.php:90) in C:\Users\Jakob\Local Sites\egetthemeforum\app\public\wp-includes\option.php on line 1050
[04-Nov-2020 15:58:38 UTC] PHP Stack trace:
[04-Nov-2020 15:58:38 UTC] PHP   1. {main}() C:\Users\Jakob\Local Sites\egetthemeforum\app\public\wp-admin\index.php:0
[04-Nov-2020 15:58:38 UTC] PHP   2. require_once() C:\Users\Jakob\Local Sites\egetthemeforum\app\public\wp-admin\index.php:111
[04-Nov-2020 15:58:38 UTC] PHP   3. wp_user_settings() C:\Users\Jakob\Local Sites\egetthemeforum\app\public\wp-admin\admin-header.php:70
[04-Nov-2020 15:58:38 UTC] PHP   4. setcookie() C:\Users\Jakob\Local Sites\egetthemeforum\app\public\wp-includes\option.php:1050
[04-Nov-2020 15:58:38 UTC] PHP Warning:  Cannot modify header information - headers already sent by (output started at C:\Users\Jakob\Local Sites\egetthemeforum\app\public\wp-content\themes\wp-own-theme\functions.php:90) in C:\Users\Jakob\Local Sites\egetthemeforum\app\public\wp-includes\option.php on line 1051
[04-Nov-2020 15:58:38 UTC] PHP Stack trace:
[04-Nov-2020 15:58:38 UTC] PHP   1. {main}() C:\Users\Jakob\Local Sites\egetthemeforum\app\public\wp-admin\index.php:0
[04-Nov-2020 15:58:38 UTC] PHP   2. require_once() C:\Users\Jakob\Local Sites\egetthemeforum\app\public\wp-admin\index.php:111
[04-Nov-2020 15:58:38 UTC] PHP   3. wp_user_settings() C:\Users\Jakob\Local Sites\egetthemeforum\app\public\wp-admin\admin-header.php:70
[04-Nov-2020 15:58:38 UTC] PHP   4. setcookie() C:\Users\Jakob\Local Sites\egetthemeforum\app\public\wp-includes\option.php:1051
[04-Nov-2020 15:58:39 UTC] PHP Warning:  Cannot modify header information - headers already sent by (output started at C:\Users\Jakob\Local Sites\egetthemeforum\app\public\wp-content\themes\wp-own-theme\functions.php:90) in C:\Users\Jakob\Local Sites\egetthemeforum\app\public\wp-admin\includes\misc.php on line 1310
[04-Nov-2020 15:58:39 UTC] PHP Warning:  Cannot modify header information - headers already sent by (output started at C:\Users\Jakob\Local Sites\egetthemeforum\app\public\wp-content\themes\wp-own-theme\functions.php:90) in C:\Users\Jakob\Local Sites\egetthemeforum\app\public\wp-admin\includes\misc.php on line 1310
[04-Nov-2020 15:58:39 UTC] PHP Stack trace:
[04-Nov-2020 15:58:39 UTC] PHP Stack trace:
[04-Nov-2020 15:58:39 UTC] PHP   1. {main}() C:\Users\Jakob\Local Sites\egetthemeforum\app\public\wp-admin\admin-ajax.php:0
[04-Nov-2020 15:58:39 UTC] PHP   1. {main}() C:\Users\Jakob\Local Sites\egetthemeforum\app\public\wp-admin\admin-ajax.php:0
[04-Nov-2020 15:58:39 UTC] PHP   2. do_action() C:\Users\Jakob\Local Sites\egetthemeforum\app\public\wp-admin\admin-ajax.php:45
[04-Nov-2020 15:58:39 UTC] PHP   2. do_action() C:\Users\Jakob\Local Sites\egetthemeforum\app\public\wp-admin\admin-ajax.php:45
[04-Nov-2020 15:58:39 UTC] PHP   3. WP_Hook->do_action() C:\Users\Jakob\Local Sites\egetthemeforum\app\public\wp-includes\plugin.php:478
[04-Nov-2020 15:58:39 UTC] PHP   3. WP_Hook->do_action() C:\Users\Jakob\Local Sites\egetthemeforum\app\public\wp-includes\plugin.php:478
[04-Nov-2020 15:58:39 UTC] PHP   4. WP_Hook->apply_filters() C:\Users\Jakob\Local Sites\egetthemeforum\app\public\wp-includes\class-wp-hook.php:311
[04-Nov-2020 15:58:39 UTC] PHP   4. WP_Hook->apply_filters() C:\Users\Jakob\Local Sites\egetthemeforum\app\public\wp-includes\class-wp-hook.php:311
[04-Nov-2020 15:58:39 UTC] PHP   5. wp_admin_headers() C:\Users\Jakob\Local Sites\egetthemeforum\app\public\wp-includes\class-wp-hook.php:287
[04-Nov-2020 15:58:39 UTC] PHP   5. wp_admin_headers() C:\Users\Jakob\Local Sites\egetthemeforum\app\public\wp-includes\class-wp-hook.php:287
[04-Nov-2020 15:58:39 UTC] PHP   6. header() C:\Users\Jakob\Local Sites\egetthemeforum\app\public\wp-admin\includes\misc.php:1310
[04-Nov-2020 15:58:39 UTC] PHP   6. header() C:\Users\Jakob\Local Sites\egetthemeforum\app\public\wp-admin\includes\misc.php:1310
[04-Nov-2020 15:58:39 UTC] PHP Warning:  Cannot modify header information - headers already sent by (output started at C:\Users\Jakob\Local Sites\egetthemeforum\app\public\wp-content\themes\wp-own-theme\functions.php:90) in C:\Users\Jakob\Local Sites\egetthemeforum\app\public\wp-admin\includes\misc.php on line 1310
[04-Nov-2020 15:58:39 UTC] PHP Stack trace:
[04-Nov-2020 15:58:39 UTC] PHP   1. {main}() C:\Users\Jakob\Local Sites\egetthemeforum\app\public\wp-admin\admin-ajax.php:0
[04-Nov-2020 15:58:39 UTC] PHP   2. do_action() C:\Users\Jakob\Local Sites\egetthemeforum\app\public\wp-admin\admin-ajax.php:45
[04-Nov-2020 15:58:39 UTC] PHP   3. WP_Hook->do_action() C:\Users\Jakob\Local Sites\egetthemeforum\app\public\wp-includes\plugin.php:478
[04-Nov-2020 15:58:39 UTC] PHP   4. WP_Hook->apply_filters() C:\Users\Jakob\Local Sites\egetthemeforum\app\public\wp-includes\class-wp-hook.php:311
[04-Nov-2020 15:58:39 UTC] PHP   5. wp_admin_headers() C:\Users\Jakob\Local Sites\egetthemeforum\app\public\wp-includes\class-wp-hook.php:287
[04-Nov-2020 15:58:39 UTC] PHP   6. header() C:\Users\Jakob\Local Sites\egetthemeforum\app\public\wp-admin\includes\misc.php:1310
[05-Nov-2020 13:23:42 UTC] PHP Recoverable fatal error:  Object of class WP_User could not be converted to string in C:\Users\Jakob\Local Sites\egetthemeforum\app\public\wp-content\themes\wp-own-theme\header.php on line 65
[05-Nov-2020 13:23:42 UTC] PHP Stack trace:
[05-Nov-2020 13:23:42 UTC] PHP   1. {main}() C:\Users\Jakob\Local Sites\egetthemeforum\app\public\index.php:0
[05-Nov-2020 13:23:42 UTC] PHP   2. require() C:\Users\Jakob\Local Sites\egetthemeforum\app\public\index.php:17
[05-Nov-2020 13:23:42 UTC] PHP   3. require_once() C:\Users\Jakob\Local Sites\egetthemeforum\app\public\wp-blog-header.php:19
[05-Nov-2020 13:23:42 UTC] PHP   4. include() C:\Users\Jakob\Local Sites\egetthemeforum\app\public\wp-includes\template-loader.php:106
[05-Nov-2020 13:23:42 UTC] PHP   5. get_header() C:\Users\Jakob\Local Sites\egetthemeforum\app\public\wp-content\themes\wp-own-theme\page.php:3
[05-Nov-2020 13:23:42 UTC] PHP   6. locate_template() C:\Users\Jakob\Local Sites\egetthemeforum\app\public\wp-includes\general-template.php:48
[05-Nov-2020 13:23:42 UTC] PHP   7. load_template() C:\Users\Jakob\Local Sites\egetthemeforum\app\public\wp-includes\template.php:676
[05-Nov-2020 13:23:42 UTC] PHP   8. require_once() C:\Users\Jakob\Local Sites\egetthemeforum\app\public\wp-includes\template.php:730
[05-Nov-2020 19:10:13 UTC] PHP Parse error:  syntax error, unexpected ''public'' (T_CONSTANT_ENCAPSED_STRING), expecting ')' in C:\Users\Jakob\Local Sites\egetthemeforum\app\public\wp-content\mu-plugins\ownThemePostTypes.php on line 7
[05-Nov-2020 20:34:40 UTC] PHP Parse error:  syntax error, unexpected '}' in C:\Users\Jakob\Local Sites\egetthemeforum\app\public\wp-content\themes\wp-own-theme\front-page.php on line 51
[05-Nov-2020 20:43:08 UTC] PHP Parse error:  syntax error, unexpected '}' in C:\Users\Jakob\Local Sites\egetthemeforum\app\public\wp-content\themes\wp-own-theme\front-page.php on line 35
[05-Nov-2020 22:03:20 UTC] PHP Fatal error:  Uncaught Exception: DateTime::__construct(): Failed to parse time string (20/11/2020) at position 0 (2): Unexpected character in C:\Users\jakob\Local Sites\egettheme\app\public\wp-content\themes\wp-own-theme\front-page.php:31
Stack trace:
#0 C:\Users\jakob\Local Sites\egettheme\app\public\wp-content\themes\wp-own-theme\front-page.php(31): DateTime->__construct('20/11/2020')
#1 C:\Users\jakob\Local Sites\egettheme\app\public\wp-includes\template-loader.php(106): include('C:\\Users\\jakob\\...')
#2 C:\Users\jakob\Local Sites\egettheme\app\public\wp-blog-header.php(19): require_once('C:\\Users\\jakob\\...')
#3 C:\Users\jakob\Local Sites\egettheme\app\public\index.php(17): require('C:\\Users\\jakob\\...')
#4 {main}
  thrown in C:\Users\jakob\Local Sites\egettheme\app\public\wp-content\themes\wp-own-theme\front-page.php on line 31
[05-Nov-2020 22:03:58 UTC] PHP Fatal error:  Uncaught Exception: DateTime::__construct(): Failed to parse time string (20/11/2020) at position 0 (2): Unexpected character in C:\Users\jakob\Local Sites\egettheme\app\public\wp-content\themes\wp-own-theme\front-page.php:32
Stack trace:
#0 C:\Users\jakob\Local Sites\egettheme\app\public\wp-content\themes\wp-own-theme\front-page.php(32): DateTime->__construct('20/11/2020')
#1 C:\Users\jakob\Local Sites\egettheme\app\public\wp-includes\template-loader.php(106): include('C:\\Users\\jakob\\...')
#2 C:\Users\jakob\Local Sites\egettheme\app\public\wp-blog-header.php(19): require_once('C:\\Users\\jakob\\...')
#3 C:\Users\jakob\Local Sites\egettheme\app\public\index.php(17): require('C:\\Users\\jakob\\...')
#4 {main}
  thrown in C:\Users\jakob\Local Sites\egettheme\app\public\wp-content\themes\wp-own-theme\front-page.php on line 32
[05-Nov-2020 22:05:37 UTC] PHP Fatal error:  Uncaught Exception: DateTime::__construct(): Failed to parse time string (20/11/2020) at position 0 (2): Unexpected character in C:\Users\jakob\Local Sites\egettheme\app\public\wp-content\themes\wp-own-theme\front-page.php:32
Stack trace:
#0 C:\Users\jakob\Local Sites\egettheme\app\public\wp-content\themes\wp-own-theme\front-page.php(32): DateTime->__construct('20/11/2020')
#1 C:\Users\jakob\Local Sites\egettheme\app\public\wp-includes\template-loader.php(106): include('C:\\Users\\jakob\\...')
#2 C:\Users\jakob\Local Sites\egettheme\app\public\wp-blog-header.php(19): require_once('C:\\Users\\jakob\\...')
#3 C:\Users\jakob\Local Sites\egettheme\app\public\index.php(17): require('C:\\Users\\jakob\\...')
#4 {main}
  thrown in C:\Users\jakob\Local Sites\egettheme\app\public\wp-content\themes\wp-own-theme\front-page.php on line 32
[05-Nov-2020 22:06:58 UTC] PHP Fatal error:  Uncaught Error: Call to undefined function get_the_field() in C:\Users\jakob\Local Sites\egettheme\app\public\wp-content\themes\wp-own-theme\front-page.php:32
Stack trace:
#0 C:\Users\jakob\Local Sites\egettheme\app\public\wp-includes\template-loader.php(106): include()
#1 C:\Users\jakob\Local Sites\egettheme\app\public\wp-blog-header.php(19): require_once('C:\\Users\\jakob\\...')
#2 C:\Users\jakob\Local Sites\egettheme\app\public\index.php(17): require('C:\\Users\\jakob\\...')
#3 {main}
  thrown in C:\Users\jakob\Local Sites\egettheme\app\public\wp-content\themes\wp-own-theme\front-page.php on line 32
[05-Nov-2020 22:07:08 UTC] PHP Fatal error:  Uncaught Exception: DateTime::__construct(): Failed to parse time string (20/11/2020) at position 0 (2): Unexpected character in C:\Users\jakob\Local Sites\egettheme\app\public\wp-content\themes\wp-own-theme\front-page.php:32
Stack trace:
#0 C:\Users\jakob\Local Sites\egettheme\app\public\wp-content\themes\wp-own-theme\front-page.php(32): DateTime->__construct('20/11/2020')
#1 C:\Users\jakob\Local Sites\egettheme\app\public\wp-includes\template-loader.php(106): include('C:\\Users\\jakob\\...')
#2 C:\Users\jakob\Local Sites\egettheme\app\public\wp-blog-header.php(19): require_once('C:\\Users\\jakob\\...')
#3 C:\Users\jakob\Local Sites\egettheme\app\public\index.php(17): require('C:\\Users\\jakob\\...')
#4 {main}
  thrown in C:\Users\jakob\Local Sites\egettheme\app\public\wp-content\themes\wp-own-theme\front-page.php on line 32
[05-Nov-2020 22:10:28 UTC] PHP Fatal error:  Uncaught Exception: DateTime::__construct(): Failed to parse time string (20/11/2020) at position 0 (2): Unexpected character in C:\Users\jakob\Local Sites\egettheme\app\public\wp-content\themes\wp-own-theme\front-page.php:32
Stack trace:
#0 C:\Users\jakob\Local Sites\egettheme\app\public\wp-content\themes\wp-own-theme\front-page.php(32): DateTime->__construct('20/11/2020')
#1 C:\Users\jakob\Local Sites\egettheme\app\public\wp-includes\template-loader.php(106): include('C:\\Users\\jakob\\...')
#2 C:\Users\jakob\Local Sites\egettheme\app\public\wp-blog-header.php(19): require_once('C:\\Users\\jakob\\...')
#3 C:\Users\jakob\Local Sites\egettheme\app\public\index.php(17): require('C:\\Users\\jakob\\...')
#4 {main}
  thrown in C:\Users\jakob\Local Sites\egettheme\app\public\wp-content\themes\wp-own-theme\front-page.php on line 32
[05-Nov-2020 22:10:39 UTC] PHP Fatal error:  Uncaught ArgumentCountError: Too few arguments to function the_field(), 0 passed in C:\Users\jakob\Local Sites\egettheme\app\public\wp-content\themes\wp-own-theme\front-page.php on line 33 and at least 1 expected in C:\Users\jakob\Local Sites\egettheme\app\public\wp-content\plugins\advanced-custom-fields\includes\api\api-template.php:79
Stack trace:
#0 C:\Users\jakob\Local Sites\egettheme\app\public\wp-content\themes\wp-own-theme\front-page.php(33): the_field()
#1 C:\Users\jakob\Local Sites\egettheme\app\public\wp-includes\template-loader.php(106): include('C:\\Users\\jakob\\...')
#2 C:\Users\jakob\Local Sites\egettheme\app\public\wp-blog-header.php(19): require_once('C:\\Users\\jakob\\...')
#3 C:\Users\jakob\Local Sites\egettheme\app\public\index.php(17): require('C:\\Users\\jakob\\...')
#4 {main}
  thrown in C:\Users\jakob\Local Sites\egettheme\app\public\wp-content\plugins\advanced-custom-fields\includes\api\api-template.php on line 79
[05-Nov-2020 22:15:08 UTC] PHP Parse error:  syntax error, unexpected 'createFromFormat' (T_STRING), expecting variable (T_VARIABLE) or '$' in C:\Users\jakob\Local Sites\egettheme\app\public\wp-content\themes\wp-own-theme\front-page.php on line 35
[05-Nov-2020 22:15:19 UTC] PHP Fatal error:  Uncaught Exception: DateTime::__construct(): Failed to parse time string (d/m/Y) at position 1 (/): Unexpected character in C:\Users\jakob\Local Sites\egettheme\app\public\wp-content\themes\wp-own-theme\front-page.php:35
Stack trace:
#0 C:\Users\jakob\Local Sites\egettheme\app\public\wp-content\themes\wp-own-theme\front-page.php(35): DateTime->__construct('d/m/Y', NULL)
#1 C:\Users\jakob\Local Sites\egettheme\app\public\wp-includes\template-loader.php(106): include('C:\\Users\\jakob\\...')
#2 C:\Users\jakob\Local Sites\egettheme\app\public\wp-blog-header.php(19): require_once('C:\\Users\\jakob\\...')
#3 C:\Users\jakob\Local Sites\egettheme\app\public\index.php(17): require('C:\\Users\\jakob\\...')
#4 {main}
  thrown in C:\Users\jakob\Local Sites\egettheme\app\public\wp-content\themes\wp-own-theme\front-page.php on line 35
[05-Nov-2020 22:17:05 UTC] PHP Fatal error:  Uncaught ArgumentCountError: Too few arguments to function the_field(), 0 passed in C:\Users\jakob\Local Sites\egettheme\app\public\wp-content\themes\wp-own-theme\front-page.php on line 38 and at least 1 expected in C:\Users\jakob\Local Sites\egettheme\app\public\wp-content\plugins\advanced-custom-fields\includes\api\api-template.php:79
Stack trace:
#0 C:\Users\jakob\Local Sites\egettheme\app\public\wp-content\themes\wp-own-theme\front-page.php(38): the_field()
#1 C:\Users\jakob\Local Sites\egettheme\app\public\wp-includes\template-loader.php(106): include('C:\\Users\\jakob\\...')
#2 C:\Users\jakob\Local Sites\egettheme\app\public\wp-blog-header.php(19): require_once('C:\\Users\\jakob\\...')
#3 C:\Users\jakob\Local Sites\egettheme\app\public\index.php(17): require('C:\\Users\\jakob\\...')
#4 {main}
  thrown in C:\Users\jakob\Local Sites\egettheme\app\public\wp-content\plugins\advanced-custom-fields\includes\api\api-template.php on line 79
[05-Nov-2020 22:18:31 UTC] PHP Parse error:  syntax error, unexpected '{', expecting ',' or ';' in C:\Users\jakob\Local Sites\egettheme\app\public\wp-content\themes\wp-own-theme\front-page.php on line 34
[05-Nov-2020 22:18:47 UTC] PHP Fatal error:  Uncaught ArgumentCountError: Too few arguments to function the_field(), 0 passed in C:\Users\jakob\Local Sites\egettheme\app\public\wp-content\themes\wp-own-theme\front-page.php on line 39 and at least 1 expected in C:\Users\jakob\Local Sites\egettheme\app\public\wp-content\plugins\advanced-custom-fields\includes\api\api-template.php:79
Stack trace:
#0 C:\Users\jakob\Local Sites\egettheme\app\public\wp-content\themes\wp-own-theme\front-page.php(39): the_field()
#1 C:\Users\jakob\Local Sites\egettheme\app\public\wp-includes\template-loader.php(106): include('C:\\Users\\jakob\\...')
#2 C:\Users\jakob\Local Sites\egettheme\app\public\wp-blog-header.php(19): require_once('C:\\Users\\jakob\\...')
#3 C:\Users\jakob\Local Sites\egettheme\app\public\index.php(17): require('C:\\Users\\jakob\\...')
#4 {main}
  thrown in C:\Users\jakob\Local Sites\egettheme\app\public\wp-content\plugins\advanced-custom-fields\includes\api\api-template.php on line 79
[05-Nov-2020 22:19:27 UTC] PHP Fatal error:  Uncaught ArgumentCountError: Too few arguments to function the_field(), 0 passed in C:\Users\jakob\Local Sites\egettheme\app\public\wp-content\themes\wp-own-theme\front-page.php on line 40 and at least 1 expected in C:\Users\jakob\Local Sites\egettheme\app\public\wp-content\plugins\advanced-custom-fields\includes\api\api-template.php:79
Stack trace:
#0 C:\Users\jakob\Local Sites\egettheme\app\public\wp-content\themes\wp-own-theme\front-page.php(40): the_field()
#1 C:\Users\jakob\Local Sites\egettheme\app\public\wp-includes\template-loader.php(106): include('C:\\Users\\jakob\\...')
#2 C:\Users\jakob\Local Sites\egettheme\app\public\wp-blog-header.php(19): require_once('C:\\Users\\jakob\\...')
#3 C:\Users\jakob\Local Sites\egettheme\app\public\index.php(17): require('C:\\Users\\jakob\\...')
#4 {main}
  thrown in C:\Users\jakob\Local Sites\egettheme\app\public\wp-content\plugins\advanced-custom-fields\includes\api\api-template.php on line 79
[05-Nov-2020 22:19:54 UTC] PHP Recoverable fatal error:  Object of class DateTime could not be converted to string in C:\Users\jakob\Local Sites\egettheme\app\public\wp-content\themes\wp-own-theme\front-page.php on line 38
[05-Nov-2020 22:19:54 UTC] PHP Stack trace:
[05-Nov-2020 22:19:54 UTC] PHP   1. {main}() C:\Users\jakob\Local Sites\egettheme\app\public\index.php:0
[05-Nov-2020 22:19:54 UTC] PHP   2. require() C:\Users\jakob\Local Sites\egettheme\app\public\index.php:17
[05-Nov-2020 22:19:54 UTC] PHP   3. require_once() C:\Users\jakob\Local Sites\egettheme\app\public\wp-blog-header.php:19
[05-Nov-2020 22:19:54 UTC] PHP   4. include() C:\Users\jakob\Local Sites\egettheme\app\public\wp-includes\template-loader.php:106
[05-Nov-2020 22:20:26 UTC] PHP Recoverable fatal error:  Object of class DateTime could not be converted to string in C:\Users\jakob\Local Sites\egettheme\app\public\wp-content\themes\wp-own-theme\front-page.php on line 38
[05-Nov-2020 22:20:26 UTC] PHP Stack trace:
[05-Nov-2020 22:20:26 UTC] PHP   1. {main}() C:\Users\jakob\Local Sites\egettheme\app\public\index.php:0
[05-Nov-2020 22:20:26 UTC] PHP   2. require() C:\Users\jakob\Local Sites\egettheme\app\public\index.php:17
[05-Nov-2020 22:20:26 UTC] PHP   3. require_once() C:\Users\jakob\Local Sites\egettheme\app\public\wp-blog-header.php:19
[05-Nov-2020 22:20:26 UTC] PHP   4. include() C:\Users\jakob\Local Sites\egettheme\app\public\wp-includes\template-loader.php:106
[05-Nov-2020 22:23:07 UTC] PHP Fatal error:  Uncaught TypeError: DateTime::__construct() expects parameter 1 to be string, object given in C:\Users\jakob\Local Sites\egettheme\app\public\wp-content\themes\wp-own-theme\front-page.php:39
Stack trace:
#0 C:\Users\jakob\Local Sites\egettheme\app\public\wp-content\themes\wp-own-theme\front-page.php(39): DateTime->__construct(Object(DateTime))
#1 C:\Users\jakob\Local Sites\egettheme\app\public\wp-includes\template-loader.php(106): include('C:\\Users\\jakob\\...')
#2 C:\Users\jakob\Local Sites\egettheme\app\public\wp-blog-header.php(19): require_once('C:\\Users\\jakob\\...')
#3 C:\Users\jakob\Local Sites\egettheme\app\public\index.php(17): require('C:\\Users\\jakob\\...')
#4 {main}
  thrown in C:\Users\jakob\Local Sites\egettheme\app\public\wp-content\themes\wp-own-theme\front-page.php on line 39
[07-Nov-2020 10:46:10 UTC] PHP Parse error:  syntax error, unexpected 'while' (T_WHILE) in C:\Users\jakob\Local Sites\egettheme\app\public\wp-content\themes\wp-own-theme\page-past-events.php on line 9
[07-Nov-2020 10:48:13 UTC] PHP Fatal error:  Uncaught Error: Call to a member function format() on null in C:\Users\jakob\Local Sites\egettheme\app\public\wp-content\themes\wp-own-theme\page-past-events.php:45
Stack trace:
#0 C:\Users\jakob\Local Sites\egettheme\app\public\wp-includes\template-loader.php(106): include()
#1 C:\Users\jakob\Local Sites\egettheme\app\public\wp-blog-header.php(19): require_once('C:\\Users\\jakob\\...')
#2 C:\Users\jakob\Local Sites\egettheme\app\public\index.php(17): require('C:\\Users\\jakob\\...')
#3 {main}
  thrown in C:\Users\jakob\Local Sites\egettheme\app\public\wp-content\themes\wp-own-theme\page-past-events.php on line 45
[07-Nov-2020 10:48:36 UTC] PHP Fatal error:  Uncaught Error: Call to a member function format() on null in C:\Users\jakob\Local Sites\egettheme\app\public\wp-content\themes\wp-own-theme\page-past-events.php:44
Stack trace:
#0 C:\Users\jakob\Local Sites\egettheme\app\public\wp-includes\template-loader.php(106): include()
#1 C:\Users\jakob\Local Sites\egettheme\app\public\wp-blog-header.php(19): require_once('C:\\Users\\jakob\\...')
#2 C:\Users\jakob\Local Sites\egettheme\app\public\index.php(17): require('C:\\Users\\jakob\\...')
#3 {main}
  thrown in C:\Users\jakob\Local Sites\egettheme\app\public\wp-content\themes\wp-own-theme\page-past-events.php on line 44
[07-Nov-2020 10:52:42 UTC] PHP Fatal error:  Uncaught Error: Call to a member function have_posts() on null in C:\Users\jakob\Local Sites\egettheme\app\public\wp-content\themes\wp-own-theme\page-past-events.php:43
Stack trace:
#0 C:\Users\jakob\Local Sites\egettheme\app\public\wp-includes\template-loader.php(106): include()
#1 C:\Users\jakob\Local Sites\egettheme\app\public\wp-blog-header.php(19): require_once('C:\\Users\\jakob\\...')
#2 C:\Users\jakob\Local Sites\egettheme\app\public\index.php(17): require('C:\\Users\\jakob\\...')
#3 {main}
  thrown in C:\Users\jakob\Local Sites\egettheme\app\public\wp-content\themes\wp-own-theme\page-past-events.php on line 43
[07-Nov-2020 11:06:46 UTC] PHP Parse error:  syntax error, unexpected 'while' (T_WHILE), expecting ',' or ';' in C:\Users\jakob\Local Sites\egettheme\app\public\wp-content\themes\wp-own-theme\page-past-events.php on line 46
[07-Nov-2020 11:11:51 UTC] PHP Parse error:  syntax error, unexpected ''max_num_pages'' (T_CONSTANT_ENCAPSED_STRING), expecting identifier (T_STRING) or variable (T_VARIABLE) or '{' or '$' in C:\Users\jakob\Local Sites\egettheme\app\public\wp-content\themes\wp-own-theme\page-past-events.php on line 82
[07-Nov-2020 12:01:41 UTC] PHP Fatal error:  Uncaught ArgumentCountError: Too few arguments to function WP_Query::set(), 1 passed in C:\Users\jakob\Local Sites\egettheme\app\public\wp-content\themes\wp-own-theme\functions.php on line 130 and exactly 2 expected in C:\Users\jakob\Local Sites\egettheme\app\public\wp-includes\class-wp-query.php:1749
Stack trace:
#0 C:\Users\jakob\Local Sites\egettheme\app\public\wp-content\themes\wp-own-theme\functions.php(130): WP_Query->set('DESC')
#1 C:\Users\jakob\Local Sites\egettheme\app\public\wp-includes\class-wp-hook.php(287): queryPostsGetter(Object(WP_Query))
#2 C:\Users\jakob\Local Sites\egettheme\app\public\wp-includes\class-wp-hook.php(311): WP_Hook->apply_filters('', Array)
#3 C:\Users\jakob\Local Sites\egettheme\app\public\wp-includes\plugin.php(544): WP_Hook->do_action(Array)
#4 C:\Users\jakob\Local Sites\egettheme\app\public\wp-includes\class-wp-query.php(1779): do_action_ref_array('pre_get_posts', Array)
#5 C:\Users\jakob\Local Sites\egettheme\app\public\wp-includes\class-wp-query.php(3448): WP_Query->get in C:\Users\jakob\Local Sites\egettheme\app\public\wp-includes\class-wp-query.php on line 1749
[07-Nov-2020 13:10:52 UTC] PHP Fatal error:  Uncaught Error: Call to a member function have_posts() on array in C:\Users\jakob\Local Sites\egettheme\app\public\wp-content\themes\wp-own-theme\single-event.php:36
Stack trace:
#0 C:\Users\jakob\Local Sites\egettheme\app\public\wp-includes\template-loader.php(106): include()
#1 C:\Users\jakob\Local Sites\egettheme\app\public\wp-blog-header.php(19): require_once('C:\\Users\\jakob\\...')
#2 C:\Users\jakob\Local Sites\egettheme\app\public\index.php(17): require('C:\\Users\\jakob\\...')
#3 {main}
  thrown in C:\Users\jakob\Local Sites\egettheme\app\public\wp-content\themes\wp-own-theme\single-event.php on line 36
[07-Nov-2020 13:28:38 UTC] PHP Parse error:  syntax error, unexpected 'color' (T_STRING), expecting ',' or ';' in C:\Users\jakob\Local Sites\egettheme\app\public\wp-content\themes\wp-own-theme\single-event.php on line 36
[07-Nov-2020 13:28:58 UTC] PHP Parse error:  syntax error, unexpected 'color' (T_STRING), expecting ',' or ';' in C:\Users\jakob\Local Sites\egettheme\app\public\wp-content\themes\wp-own-theme\single-event.php on line 36
[07-Nov-2020 13:29:08 UTC] PHP Parse error:  syntax error, unexpected 'color' (T_STRING), expecting ',' or ';' in C:\Users\jakob\Local Sites\egettheme\app\public\wp-content\themes\wp-own-theme\single-event.php on line 36
[07-Nov-2020 13:55:49 UTC] PHP Parse error:  syntax error, unexpected 'while' (T_WHILE) in C:\Users\jakob\Local Sites\egettheme\app\public\wp-content\themes\wp-own-theme\single-program.php on line 49
[07-Nov-2020 13:56:13 UTC] PHP Fatal error:  Uncaught Error: Call to a member function the_post() on null in C:\Users\jakob\Local Sites\egettheme\app\public\wp-content\themes\wp-own-theme\single-program.php:50
Stack trace:
#0 C:\Users\jakob\Local Sites\egettheme\app\public\wp-includes\template-loader.php(106): include()
#1 C:\Users\jakob\Local Sites\egettheme\app\public\wp-blog-header.php(19): require_once('C:\\Users\\jakob\\...')
#2 C:\Users\jakob\Local Sites\egettheme\app\public\index.php(17): require('C:\\Users\\jakob\\...')
#3 {main}
  thrown in C:\Users\jakob\Local Sites\egettheme\app\public\wp-content\themes\wp-own-theme\single-program.php on line 50
[07-Nov-2020 13:58:28 UTC] PHP Parse error:  syntax error, unexpected ''title'' (T_CONSTANT_ENCAPSED_STRING), expecting identifier (T_STRING) or variable (T_VARIABLE) or '{' or '$' in C:\Users\jakob\Local Sites\egettheme\app\public\wp-content\themes\wp-own-theme\single-program.php on line 66
[07-Nov-2020 13:58:43 UTC] PHP Parse error:  syntax error, unexpected ''post_title'' (T_CONSTANT_ENCAPSED_STRING), expecting identifier (T_STRING) or variable (T_VARIABLE) or '{' or '$' in C:\Users\jakob\Local Sites\egettheme\app\public\wp-content\themes\wp-own-theme\single-program.php on line 66
[07-Nov-2020 14:02:13 UTC] PHP Parse error:  syntax error, unexpected ';', expecting ')' in C:\Users\jakob\Local Sites\egettheme\app\public\wp-content\themes\wp-own-theme\single-program.php on line 50
[07-Nov-2020 14:07:11 UTC] PHP Parse error:  syntax error, unexpected '.' in C:\Users\jakob\Local Sites\egettheme\app\public\wp-content\themes\wp-own-theme\single-program.php on line 54
[07-Nov-2020 14:07:16 UTC] PHP Parse error:  syntax error, unexpected '<' in C:\Users\jakob\Local Sites\egettheme\app\public\wp-content\themes\wp-own-theme\single-program.php on line 54
[07-Nov-2020 14:07:51 UTC] PHP Parse error:  syntax error, unexpected '.' in C:\Users\jakob\Local Sites\egettheme\app\public\wp-content\themes\wp-own-theme\single-program.php on line 54
[07-Nov-2020 14:08:07 UTC] PHP Parse error:  syntax error, unexpected '.' in C:\Users\jakob\Local Sites\egettheme\app\public\wp-content\themes\wp-own-theme\single-program.php on line 54
[07-Nov-2020 14:08:13 UTC] PHP Parse error:  syntax error, unexpected 'echo' (T_ECHO) in C:\Users\jakob\Local Sites\egettheme\app\public\wp-content\themes\wp-own-theme\single-program.php on line 54
[07-Nov-2020 14:08:49 UTC] PHP Parse error:  syntax error, unexpected 'echo' (T_ECHO) in C:\Users\jakob\Local Sites\egettheme\app\public\wp-content\themes\wp-own-theme\single-program.php on line 56
[07-Nov-2020 14:09:53 UTC] PHP Parse error:  syntax error, unexpected end of file in C:\Users\jakob\Local Sites\egettheme\app\public\wp-content\themes\wp-own-theme\single-program.php on line 124
[07-Nov-2020 22:04:49 UTC] PHP Fatal error:  Uncaught Exception: DateTime::__construct(): Failed to parse time string (26/11/2020) at position 0 (2): Unexpected character in C:\Users\Jakob\Local Sites\egetthemeforum\app\public\wp-content\themes\wp-own-theme\front-page.php:45
Stack trace:
#0 C:\Users\Jakob\Local Sites\egetthemeforum\app\public\wp-content\themes\wp-own-theme\front-page.php(45): DateTime->__construct('26/11/2020')
#1 C:\Users\Jakob\Local Sites\egetthemeforum\app\public\wp-includes\template-loader.php(106): include('C:\\Users\\Jakob\\...')
#2 C:\Users\Jakob\Local Sites\egetthemeforum\app\public\wp-blog-header.php(19): require_once('C:\\Users\\Jakob\\...')
#3 C:\Users\Jakob\Local Sites\egetthemeforum\app\public\index.php(17): require('C:\\Users\\Jakob\\...')
#4 {main}
  thrown in C:\Users\Jakob\Local Sites\egetthemeforum\app\public\wp-content\themes\wp-own-theme\front-page.php on line 45
[07-Nov-2020 22:26:19 UTC] PHP Fatal error:  Uncaught Error: Call to undefined function post_thumbnail() in C:\Users\Jakob\Local Sites\egetthemeforum\app\public\wp-content\themes\wp-own-theme\single-professor.php:17
Stack trace:
#0 C:\Users\Jakob\Local Sites\egetthemeforum\app\public\wp-includes\template-loader.php(106): include()
#1 C:\Users\Jakob\Local Sites\egetthemeforum\app\public\wp-blog-header.php(19): require_once('C:\\Users\\Jakob\\...')
#2 C:\Users\Jakob\Local Sites\egetthemeforum\app\public\index.php(17): require('C:\\Users\\Jakob\\...')
#3 {main}
  thrown in C:\Users\Jakob\Local Sites\egetthemeforum\app\public\wp-content\themes\wp-own-theme\single-professor.php on line 17
[07-Nov-2020 22:26:41 UTC] PHP Fatal error:  Uncaught Error: Call to undefined function post_thumbnail() in C:\Users\Jakob\Local Sites\egetthemeforum\app\public\wp-content\themes\wp-own-theme\single-professor.php:17
Stack trace:
#0 C:\Users\Jakob\Local Sites\egetthemeforum\app\public\wp-includes\template-loader.php(106): include()
#1 C:\Users\Jakob\Local Sites\egetthemeforum\app\public\wp-blog-header.php(19): require_once('C:\\Users\\Jakob\\...')
#2 C:\Users\Jakob\Local Sites\egetthemeforum\app\public\index.php(17): require('C:\\Users\\Jakob\\...')
#3 {main}
  thrown in C:\Users\Jakob\Local Sites\egetthemeforum\app\public\wp-content\themes\wp-own-theme\single-professor.php on line 17
[07-Nov-2020 22:26:57 UTC] PHP Fatal error:  Uncaught Error: Call to undefined function post_thumbnail() in C:\Users\Jakob\Local Sites\egetthemeforum\app\public\wp-content\themes\wp-own-theme\single-professor.php:17
Stack trace:
#0 C:\Users\Jakob\Local Sites\egetthemeforum\app\public\wp-includes\template-loader.php(106): include()
#1 C:\Users\Jakob\Local Sites\egetthemeforum\app\public\wp-blog-header.php(19): require_once('C:\\Users\\Jakob\\...')
#2 C:\Users\Jakob\Local Sites\egetthemeforum\app\public\index.php(17): require('C:\\Users\\Jakob\\...')
#3 {main}
  thrown in C:\Users\Jakob\Local Sites\egetthemeforum\app\public\wp-content\themes\wp-own-theme\single-professor.php on line 17
[07-Nov-2020 22:27:09 UTC] PHP Fatal error:  Uncaught Error: Call to undefined function thumbnail() in C:\Users\Jakob\Local Sites\egetthemeforum\app\public\wp-content\themes\wp-own-theme\single-professor.php:17
Stack trace:
#0 C:\Users\Jakob\Local Sites\egetthemeforum\app\public\wp-includes\template-loader.php(106): include()
#1 C:\Users\Jakob\Local Sites\egetthemeforum\app\public\wp-blog-header.php(19): require_once('C:\\Users\\Jakob\\...')
#2 C:\Users\Jakob\Local Sites\egetthemeforum\app\public\index.php(17): require('C:\\Users\\Jakob\\...')
#3 {main}
  thrown in C:\Users\Jakob\Local Sites\egetthemeforum\app\public\wp-content\themes\wp-own-theme\single-professor.php on line 17
